<?xml version="1.0" encoding="UTF-8"?>
<!-- Generated by org.testng.reporters.JUnitReportReporter -->
<testsuite skipped="0" hostname="MasterYoda-PC" name="example2.TestingTitle" tests="1" failures="0" timestamp="17 May 2019 06:01:14 GMT" time="0.035" errors="0">
  <testcase name="checkTitle" time="0.035" classname="example2.TestingTitle"/>
</testsuite> <!-- example2.TestingTitle -->
